current directory: /home/nitrous/code/Projeto-ESI/.bundle/gems/mysql-2.9.1/ext/mysql_api
/usr/local/opt/rbenv/versions/2.3.1/bin/ruby -r ./siteconf20161022-16481-m584oa.rb extconf.rb
checking for mysql_query() in -lmysqlclient... no
checking for main() in -lm... yes
checking for mysql_query() in -lmysqlclient... no
checking for main() in -lz... yes
checking for mysql_query() in -lmysqlclient... no
checking for main() in -lsocket... no
checking for mysql_query() in -lmysqlclient... no
checking for main() in -lnsl... yes
checking for mysql_query() in -lmysqlclient... no
checking for main() in -lmygcc... no
checking for mysql_query() in -lmysqlclient... no
*** extconf.rb failed ***
Could not create Makefile due to some reason, probably lack of necessary
libraries and/or headers.  Check the mkmf.log file for more details.  You may
need configuration options.

Provided configuration options:
	--with-opt-dir
	--without-opt-dir
	--with-opt-include
	--without-opt-include=${opt-dir}/include
	--with-opt-lib
	--without-opt-lib=${opt-dir}/lib
	--with-make-prog
	--without-make-prog
	--srcdir=.
	--curdir
	--ruby=/usr/local/opt/rbenv/versions/2.3.1/bin/$(RUBY_BASE_NAME)
	--with-mysql-config
	--without-mysql-config
	--with-mysql-dir
	--without-mysql-dir
	--with-mysql-include
	--without-mysql-include=${mysql-dir}/include
	--with-mysql-lib
	--without-mysql-lib=${mysql-dir}/lib
	--with-mysqlclientlib
	--without-mysqlclientlib
	--with-mlib
	--without-mlib
	--with-mysqlclientlib
	--without-mysqlclientlib
	--with-zlib
	--without-zlib
	--with-mysqlclientlib
	--without-mysqlclientlib
	--with-socketlib
	--without-socketlib
	--with-mysqlclientlib
	--without-mysqlclientlib
	--with-nsllib
	--without-nsllib
	--with-mysqlclientlib
	--without-mysqlclientlib
	--with-mygcclib
	--without-mygcclib
	--with-mysqlclientlib
	--without-mysqlclientlib

To see why this extension failed to compile, please check the mkmf.log which can be found here:

  /home/nitrous/code/Projeto-ESI/.bundle/extensions/x86_64-linux/2.3.0-static/mysql-2.9.1/mkmf.log

extconf failed, exit code 1
