find_library: checking for mysql_query() in -lmysqlclient... -------------------- no

"gcc -o conftest -I/usr/local/opt/rbenv/versions/2.3.1/include/ruby-2.3.0/x86_64-linux -I/usr/local/opt/rbenv/versions/2.3.1/include/ruby-2.3.0/ruby/backward -I/usr/local/opt/rbenv/versions/2.3.1/include/ruby-2.3.0 -I. -I/usr/local/include -I/usr/local/opt/rbenv/versions/2.3.1/include     -O3 -fno-fast-math -ggdb3 -Wall -Wextra -Wno-unused-parameter -Wno-parentheses -Wno-long-long -Wno-missing-field-initializers -Wunused-variable -Wpointer-arith -Wwrite-strings -Wdeclaration-after-statement -Wimplicit-function-declaration -Wdeprecated-declarations -Wno-packed-bitfield-compat conftest.c  -L. -L/usr/local/opt/rbenv/versions/2.3.1/lib -Wl,-R/usr/local/opt/rbenv/versions/2.3.1/lib -L/usr/local/lib -Wl,-R/usr/local/lib -L. -L/usr/local/opt/rbenv/versions/2.3.1/lib  -fstack-protector -rdynamic -Wl,-export-dynamic     -Wl,-R/usr/local/opt/rbenv/versions/2.3.1/lib -L/usr/local/opt/rbenv/versions/2.3.1/lib -lruby-static  -lpthread -ldl -lcrypt -lm   -lc"
checked program was:
/* begin */
1: #include "ruby.h"
2: 
3: int main(int argc, char **argv)
4: {
5:   return 0;
6: }
/* end */

"gcc -o conftest -I/usr/local/opt/rbenv/versions/2.3.1/include/ruby-2.3.0/x86_64-linux -I/usr/local/opt/rbenv/versions/2.3.1/include/ruby-2.3.0/ruby/backward -I/usr/local/opt/rbenv/versions/2.3.1/include/ruby-2.3.0 -I. -I/usr/local/include -I/usr/local/opt/rbenv/versions/2.3.1/include     -O3 -fno-fast-math -ggdb3 -Wall -Wextra -Wno-unused-parameter -Wno-parentheses -Wno-long-long -Wno-missing-field-initializers -Wunused-variable -Wpointer-arith -Wwrite-strings -Wdeclaration-after-statement -Wimplicit-function-declaration -Wdeprecated-declarations -Wno-packed-bitfield-compat conftest.c  -L. -L/usr/local/opt/rbenv/versions/2.3.1/lib -Wl,-R/usr/local/opt/rbenv/versions/2.3.1/lib -L/usr/local/lib -Wl,-R/usr/local/lib -L. -L/usr/local/opt/rbenv/versions/2.3.1/lib  -fstack-protector -rdynamic -Wl,-export-dynamic     -Wl,-R/usr/local/opt/rbenv/versions/2.3.1/lib -L/usr/local/opt/rbenv/versions/2.3.1/lib -lruby-static -lmysqlclient  -lpthread -ldl -lcrypt -lm   -lc"
conftest.c: In function ‘t’:
conftest.c:13:57: error: ‘mysql_query’ undeclared (first use in this function)
 int t(void) { void ((*volatile p)()); p = (void ((*)()))mysql_query; return !p; }
                                                         ^
conftest.c:13:57: note: each undeclared identifier is reported only once for each function it appears in
checked program was:
/* begin */
 1: #include "ruby.h"
 2: 
 3: /*top*/
 4: extern int t(void);
 5: int main(int argc, char **argv)
 6: {
 7:   if (argc > 1000000) {
 8:     printf("%p", &t);
 9:   }
10: 
11:   return 0;
12: }
13: int t(void) { void ((*volatile p)()); p = (void ((*)()))mysql_query; return !p; }
/* end */

"gcc -o conftest -I/usr/local/opt/rbenv/versions/2.3.1/include/ruby-2.3.0/x86_64-linux -I/usr/local/opt/rbenv/versions/2.3.1/include/ruby-2.3.0/ruby/backward -I/usr/local/opt/rbenv/versions/2.3.1/include/ruby-2.3.0 -I. -I/usr/local/include -I/usr/local/opt/rbenv/versions/2.3.1/include     -O3 -fno-fast-math -ggdb3 -Wall -Wextra -Wno-unused-parameter -Wno-parentheses -Wno-long-long -Wno-missing-field-initializers -Wunused-variable -Wpointer-arith -Wwrite-strings -Wdeclaration-after-statement -Wimplicit-function-declaration -Wdeprecated-declarations -Wno-packed-bitfield-compat conftest.c  -L. -L/usr/local/opt/rbenv/versions/2.3.1/lib -Wl,-R/usr/local/opt/rbenv/versions/2.3.1/lib -L/usr/local/lib -Wl,-R/usr/local/lib -L. -L/usr/local/opt/rbenv/versions/2.3.1/lib  -fstack-protector -rdynamic -Wl,-export-dynamic     -Wl,-R/usr/local/opt/rbenv/versions/2.3.1/lib -L/usr/local/opt/rbenv/versions/2.3.1/lib -lruby-static -lmysqlclient  -lpthread -ldl -lcrypt -lm   -lc"
/usr/bin/ld: cannot find -lmysqlclient
collect2: error: ld returned 1 exit status
checked program was:
/* begin */
 1: #include "ruby.h"
 2: 
 3: /*top*/
 4: extern int t(void);
 5: int main(int argc, char **argv)
 6: {
 7:   if (argc > 1000000) {
 8:     printf("%p", &t);
 9:   }
10: 
11:   return 0;
12: }
13: extern void mysql_query();
14: int t(void) { mysql_query(); return 0; }
/* end */

"gcc -o conftest -I/usr/local/opt/rbenv/versions/2.3.1/include/ruby-2.3.0/x86_64-linux -I/usr/local/opt/rbenv/versions/2.3.1/include/ruby-2.3.0/ruby/backward -I/usr/local/opt/rbenv/versions/2.3.1/include/ruby-2.3.0 -I. -I/usr/local/include -I/usr/local/opt/rbenv/versions/2.3.1/include     -O3 -fno-fast-math -ggdb3 -Wall -Wextra -Wno-unused-parameter -Wno-parentheses -Wno-long-long -Wno-missing-field-initializers -Wunused-variable -Wpointer-arith -Wwrite-strings -Wdeclaration-after-statement -Wimplicit-function-declaration -Wdeprecated-declarations -Wno-packed-bitfield-compat conftest.c  -L. -L/usr/local/opt/rbenv/versions/2.3.1/lib -Wl,-R/usr/local/opt/rbenv/versions/2.3.1/lib -L/usr/local/lib -Wl,-R/usr/local/lib -L. -L/usr/local/opt/rbenv/versions/2.3.1/lib  -fstack-protector -rdynamic -Wl,-export-dynamic     -Wl,-R/usr/local/opt/rbenv/versions/2.3.1/lib -L/usr/local/opt/rbenv/versions/2.3.1/lib -lruby-static -lmysqlclient  -lpthread -ldl -lcrypt -lm   -lc"
conftest.c: In function ‘t’:
conftest.c:13:57: error: ‘mysql_query’ undeclared (first use in this function)
 int t(void) { void ((*volatile p)()); p = (void ((*)()))mysql_query; return !p; }
                                                         ^
conftest.c:13:57: note: each undeclared identifier is reported only once for each function it appears in
checked program was:
/* begin */
 1: #include "ruby.h"
 2: 
 3: /*top*/
 4: extern int t(void);
 5: int main(int argc, char **argv)
 6: {
 7:   if (argc > 1000000) {
 8:     printf("%p", &t);
 9:   }
10: 
11:   return 0;
12: }
13: int t(void) { void ((*volatile p)()); p = (void ((*)()))mysql_query; return !p; }
/* end */

"gcc -o conftest -I/usr/local/opt/rbenv/versions/2.3.1/include/ruby-2.3.0/x86_64-linux -I/usr/local/opt/rbenv/versions/2.3.1/include/ruby-2.3.0/ruby/backward -I/usr/local/opt/rbenv/versions/2.3.1/include/ruby-2.3.0 -I. -I/usr/local/include -I/usr/local/opt/rbenv/versions/2.3.1/include     -O3 -fno-fast-math -ggdb3 -Wall -Wextra -Wno-unused-parameter -Wno-parentheses -Wno-long-long -Wno-missing-field-initializers -Wunused-variable -Wpointer-arith -Wwrite-strings -Wdeclaration-after-statement -Wimplicit-function-declaration -Wdeprecated-declarations -Wno-packed-bitfield-compat conftest.c  -L. -L/usr/local/opt/rbenv/versions/2.3.1/lib -Wl,-R/usr/local/opt/rbenv/versions/2.3.1/lib -L/usr/local/lib -Wl,-R/usr/local/lib -L. -L/usr/local/opt/rbenv/versions/2.3.1/lib  -fstack-protector -rdynamic -Wl,-export-dynamic     -Wl,-R/usr/local/opt/rbenv/versions/2.3.1/lib -L/usr/local/opt/rbenv/versions/2.3.1/lib -lruby-static -lmysqlclient  -lpthread -ldl -lcrypt -lm   -lc"
/usr/bin/ld: cannot find -lmysqlclient
collect2: error: ld returned 1 exit status
checked program was:
/* begin */
 1: #include "ruby.h"
 2: 
 3: /*top*/
 4: extern int t(void);
 5: int main(int argc, char **argv)
 6: {
 7:   if (argc > 1000000) {
 8:     printf("%p", &t);
 9:   }
10: 
11:   return 0;
12: }
13: extern void mysql_query();
14: int t(void) { mysql_query(); return 0; }
/* end */

"gcc -o conftest -I/usr/local/opt/rbenv/versions/2.3.1/include/ruby-2.3.0/x86_64-linux -I/usr/local/opt/rbenv/versions/2.3.1/include/ruby-2.3.0/ruby/backward -I/usr/local/opt/rbenv/versions/2.3.1/include/ruby-2.3.0 -I. -I/usr/local/include -I/usr/local/opt/rbenv/versions/2.3.1/include     -O3 -fno-fast-math -ggdb3 -Wall -Wextra -Wno-unused-parameter -Wno-parentheses -Wno-long-long -Wno-missing-field-initializers -Wunused-variable -Wpointer-arith -Wwrite-strings -Wdeclaration-after-statement -Wimplicit-function-declaration -Wdeprecated-declarations -Wno-packed-bitfield-compat conftest.c  -L. -L/usr/local/opt/rbenv/versions/2.3.1/lib -Wl,-R/usr/local/opt/rbenv/versions/2.3.1/lib -L/usr/local/lib -Wl,-R/usr/local/lib -L/usr/local/lib/mysql -Wl,-R/usr/local/lib/mysql -L. -L/usr/local/opt/rbenv/versions/2.3.1/lib  -fstack-protector -rdynamic -Wl,-export-dynamic     -Wl,-R/usr/local/opt/rbenv/versions/2.3.1/lib -L/usr/local/opt/rbenv/versions/2.3.1/lib -lruby-static -lmysqlclient  -lpthread -ldl -lcrypt -lm   -lc"
conftest.c: In function ‘t’:
conftest.c:13:57: error: ‘mysql_query’ undeclared (first use in this function)
 int t(void) { void ((*volatile p)()); p = (void ((*)()))mysql_query; return !p; }
                                                         ^
conftest.c:13:57: note: each undeclared identifier is reported only once for each function it appears in
checked program was:
/* begin */
 1: #include "ruby.h"
 2: 
 3: /*top*/
 4: extern int t(void);
 5: int main(int argc, char **argv)
 6: {
 7:   if (argc > 1000000) {
 8:     printf("%p", &t);
 9:   }
10: 
11:   return 0;
12: }
13: int t(void) { void ((*volatile p)()); p = (void ((*)()))mysql_query; return !p; }
/* end */

"gcc -o conftest -I/usr/local/opt/rbenv/versions/2.3.1/include/ruby-2.3.0/x86_64-linux -I/usr/local/opt/rbenv/versions/2.3.1/include/ruby-2.3.0/ruby/backward -I/usr/local/opt/rbenv/versions/2.3.1/include/ruby-2.3.0 -I. -I/usr/local/include -I/usr/local/opt/rbenv/versions/2.3.1/include     -O3 -fno-fast-math -ggdb3 -Wall -Wextra -Wno-unused-parameter -Wno-parentheses -Wno-long-long -Wno-missing-field-initializers -Wunused-variable -Wpointer-arith -Wwrite-strings -Wdeclaration-after-statement -Wimplicit-function-declaration -Wdeprecated-declarations -Wno-packed-bitfield-compat conftest.c  -L. -L/usr/local/opt/rbenv/versions/2.3.1/lib -Wl,-R/usr/local/opt/rbenv/versions/2.3.1/lib -L/usr/local/lib -Wl,-R/usr/local/lib -L/usr/local/lib/mysql -Wl,-R/usr/local/lib/mysql -L. -L/usr/local/opt/rbenv/versions/2.3.1/lib  -fstack-protector -rdynamic -Wl,-export-dynamic     -Wl,-R/usr/local/opt/rbenv/versions/2.3.1/lib -L/usr/local/opt/rbenv/versions/2.3.1/lib -lruby-static -lmysqlclient  -lpthread -ldl -lcrypt -lm   -lc"
/usr/bin/ld: cannot find -lmysqlclient
collect2: error: ld returned 1 exit status
checked program was:
/* begin */
 1: #include "ruby.h"
 2: 
 3: /*top*/
 4: extern int t(void);
 5: int main(int argc, char **argv)
 6: {
 7:   if (argc > 1000000) {
 8:     printf("%p", &t);
 9:   }
10: 
11:   return 0;
12: }
13: extern void mysql_query();
14: int t(void) { mysql_query(); return 0; }
/* end */

--------------------

have_library: checking for main() in -lm... -------------------- yes

"gcc -o conftest -I/usr/local/opt/rbenv/versions/2.3.1/include/ruby-2.3.0/x86_64-linux -I/usr/local/opt/rbenv/versions/2.3.1/include/ruby-2.3.0/ruby/backward -I/usr/local/opt/rbenv/versions/2.3.1/include/ruby-2.3.0 -I. -I/usr/local/include -I/usr/local/opt/rbenv/versions/2.3.1/include     -O3 -fno-fast-math -ggdb3 -Wall -Wextra -Wno-unused-parameter -Wno-parentheses -Wno-long-long -Wno-missing-field-initializers -Wunused-variable -Wpointer-arith -Wwrite-strings -Wdeclaration-after-statement -Wimplicit-function-declaration -Wdeprecated-declarations -Wno-packed-bitfield-compat conftest.c  -L. -L/usr/local/opt/rbenv/versions/2.3.1/lib -Wl,-R/usr/local/opt/rbenv/versions/2.3.1/lib -L/usr/local/lib -Wl,-R/usr/local/lib -L. -L/usr/local/opt/rbenv/versions/2.3.1/lib  -fstack-protector -rdynamic -Wl,-export-dynamic     -Wl,-R/usr/local/opt/rbenv/versions/2.3.1/lib -L/usr/local/opt/rbenv/versions/2.3.1/lib -lruby-static -lm  -lpthread -ldl -lcrypt -lm   -lc"
checked program was:
/* begin */
 1: #include "ruby.h"
 2: 
 3: /*top*/
 4: extern int t(void);
 5: int main(int argc, char **argv)
 6: {
 7:   if (argc > 1000000) {
 8:     printf("%p", &t);
 9:   }
10: 
11:   return 0;
12: }
13: int t(void) { void ((*volatile p)()); p = (void ((*)()))main; return !p; }
/* end */

--------------------

find_library: checking for mysql_query() in -lmysqlclient... -------------------- no

"gcc -o conftest -I/usr/local/opt/rbenv/versions/2.3.1/include/ruby-2.3.0/x86_64-linux -I/usr/local/opt/rbenv/versions/2.3.1/include/ruby-2.3.0/ruby/backward -I/usr/local/opt/rbenv/versions/2.3.1/include/ruby-2.3.0 -I. -I/usr/local/include -I/usr/local/opt/rbenv/versions/2.3.1/include     -O3 -fno-fast-math -ggdb3 -Wall -Wextra -Wno-unused-parameter -Wno-parentheses -Wno-long-long -Wno-missing-field-initializers -Wunused-variable -Wpointer-arith -Wwrite-strings -Wdeclaration-after-statement -Wimplicit-function-declaration -Wdeprecated-declarations -Wno-packed-bitfield-compat conftest.c  -L. -L/usr/local/opt/rbenv/versions/2.3.1/lib -Wl,-R/usr/local/opt/rbenv/versions/2.3.1/lib -L/usr/local/lib -Wl,-R/usr/local/lib -L. -L/usr/local/opt/rbenv/versions/2.3.1/lib  -fstack-protector -rdynamic -Wl,-export-dynamic    -lm  -Wl,-R/usr/local/opt/rbenv/versions/2.3.1/lib -L/usr/local/opt/rbenv/versions/2.3.1/lib -lruby-static -lmysqlclient -lm  -lpthread -ldl -lcrypt -lm   -lc"
conftest.c: In function ‘t’:
conftest.c:13:57: error: ‘mysql_query’ undeclared (first use in this function)
 int t(void) { void ((*volatile p)()); p = (void ((*)()))mysql_query; return !p; }
                                                         ^
conftest.c:13:57: note: each undeclared identifier is reported only once for each function it appears in
checked program was:
/* begin */
 1: #include "ruby.h"
 2: 
 3: /*top*/
 4: extern int t(void);
 5: int main(int argc, char **argv)
 6: {
 7:   if (argc > 1000000) {
 8:     printf("%p", &t);
 9:   }
10: 
11:   return 0;
12: }
13: int t(void) { void ((*volatile p)()); p = (void ((*)()))mysql_query; return !p; }
/* end */

"gcc -o conftest -I/usr/local/opt/rbenv/versions/2.3.1/include/ruby-2.3.0/x86_64-linux -I/usr/local/opt/rbenv/versions/2.3.1/include/ruby-2.3.0/ruby/backward -I/usr/local/opt/rbenv/versions/2.3.1/include/ruby-2.3.0 -I. -I/usr/local/include -I/usr/local/opt/rbenv/versions/2.3.1/include     -O3 -fno-fast-math -ggdb3 -Wall -Wextra -Wno-unused-parameter -Wno-parentheses -Wno-long-long -Wno-missing-field-initializers -Wunused-variable -Wpointer-arith -Wwrite-strings -Wdeclaration-after-statement -Wimplicit-function-declaration -Wdeprecated-declarations -Wno-packed-bitfield-compat conftest.c  -L. -L/usr/local/opt/rbenv/versions/2.3.1/lib -Wl,-R/usr/local/opt/rbenv/versions/2.3.1/lib -L/usr/local/lib -Wl,-R/usr/local/lib -L. -L/usr/local/opt/rbenv/versions/2.3.1/lib  -fstack-protector -rdynamic -Wl,-export-dynamic    -lm  -Wl,-R/usr/local/opt/rbenv/versions/2.3.1/lib -L/usr/local/opt/rbenv/versions/2.3.1/lib -lruby-static -lmysqlclient -lm  -lpthread -ldl -lcrypt -lm   -lc"
/usr/bin/ld: cannot find -lmysqlclient
collect2: error: ld returned 1 exit status
checked program was:
/* begin */
 1: #include "ruby.h"
 2: 
 3: /*top*/
 4: extern int t(void);
 5: int main(int argc, char **argv)
 6: {
 7:   if (argc > 1000000) {
 8:     printf("%p", &t);
 9:   }
10: 
11:   return 0;
12: }
13: extern void mysql_query();
14: int t(void) { mysql_query(); return 0; }
/* end */

"gcc -o conftest -I/usr/local/opt/rbenv/versions/2.3.1/include/ruby-2.3.0/x86_64-linux -I/usr/local/opt/rbenv/versions/2.3.1/include/ruby-2.3.0/ruby/backward -I/usr/local/opt/rbenv/versions/2.3.1/include/ruby-2.3.0 -I. -I/usr/local/include -I/usr/local/opt/rbenv/versions/2.3.1/include     -O3 -fno-fast-math -ggdb3 -Wall -Wextra -Wno-unused-parameter -Wno-parentheses -Wno-long-long -Wno-missing-field-initializers -Wunused-variable -Wpointer-arith -Wwrite-strings -Wdeclaration-after-statement -Wimplicit-function-declaration -Wdeprecated-declarations -Wno-packed-bitfield-compat conftest.c  -L. -L/usr/local/opt/rbenv/versions/2.3.1/lib -Wl,-R/usr/local/opt/rbenv/versions/2.3.1/lib -L/usr/local/lib -Wl,-R/usr/local/lib -L. -L/usr/local/opt/rbenv/versions/2.3.1/lib  -fstack-protector -rdynamic -Wl,-export-dynamic    -lm  -Wl,-R/usr/local/opt/rbenv/versions/2.3.1/lib -L/usr/local/opt/rbenv/versions/2.3.1/lib -lruby-static -lmysqlclient -lm  -lpthread -ldl -lcrypt -lm   -lc"
conftest.c: In function ‘t’:
conftest.c:13:57: error: ‘mysql_query’ undeclared (first use in this function)
 int t(void) { void ((*volatile p)()); p = (void ((*)()))mysql_query; return !p; }
                                                         ^
conftest.c:13:57: note: each undeclared identifier is reported only once for each function it appears in
checked program was:
/* begin */
 1: #include "ruby.h"
 2: 
 3: /*top*/
 4: extern int t(void);
 5: int main(int argc, char **argv)
 6: {
 7:   if (argc > 1000000) {
 8:     printf("%p", &t);
 9:   }
10: 
11:   return 0;
12: }
13: int t(void) { void ((*volatile p)()); p = (void ((*)()))mysql_query; return !p; }
/* end */

"gcc -o conftest -I/usr/local/opt/rbenv/versions/2.3.1/include/ruby-2.3.0/x86_64-linux -I/usr/local/opt/rbenv/versions/2.3.1/include/ruby-2.3.0/ruby/backward -I/usr/local/opt/rbenv/versions/2.3.1/include/ruby-2.3.0 -I. -I/usr/local/include -I/usr/local/opt/rbenv/versions/2.3.1/include     -O3 -fno-fast-math -ggdb3 -Wall -Wextra -Wno-unused-parameter -Wno-parentheses -Wno-long-long -Wno-missing-field-initializers -Wunused-variable -Wpointer-arith -Wwrite-strings -Wdeclaration-after-statement -Wimplicit-function-declaration -Wdeprecated-declarations -Wno-packed-bitfield-compat conftest.c  -L. -L/usr/local/opt/rbenv/versions/2.3.1/lib -Wl,-R/usr/local/opt/rbenv/versions/2.3.1/lib -L/usr/local/lib -Wl,-R/usr/local/lib -L. -L/usr/local/opt/rbenv/versions/2.3.1/lib  -fstack-protector -rdynamic -Wl,-export-dynamic    -lm  -Wl,-R/usr/local/opt/rbenv/versions/2.3.1/lib -L/usr/local/opt/rbenv/versions/2.3.1/lib -lruby-static -lmysqlclient -lm  -lpthread -ldl -lcrypt -lm   -lc"
/usr/bin/ld: cannot find -lmysqlclient
collect2: error: ld returned 1 exit status
checked program was:
/* begin */
 1: #include "ruby.h"
 2: 
 3: /*top*/
 4: extern int t(void);
 5: int main(int argc, char **argv)
 6: {
 7:   if (argc > 1000000) {
 8:     printf("%p", &t);
 9:   }
10: 
11:   return 0;
12: }
13: extern void mysql_query();
14: int t(void) { mysql_query(); return 0; }
/* end */

"gcc -o conftest -I/usr/local/opt/rbenv/versions/2.3.1/include/ruby-2.3.0/x86_64-linux -I/usr/local/opt/rbenv/versions/2.3.1/include/ruby-2.3.0/ruby/backward -I/usr/local/opt/rbenv/versions/2.3.1/include/ruby-2.3.0 -I. -I/usr/local/include -I/usr/local/opt/rbenv/versions/2.3.1/include     -O3 -fno-fast-math -ggdb3 -Wall -Wextra -Wno-unused-parameter -Wno-parentheses -Wno-long-long -Wno-missing-field-initializers -Wunused-variable -Wpointer-arith -Wwrite-strings -Wdeclaration-after-statement -Wimplicit-function-declaration -Wdeprecated-declarations -Wno-packed-bitfield-compat conftest.c  -L. -L/usr/local/opt/rbenv/versions/2.3.1/lib -Wl,-R/usr/local/opt/rbenv/versions/2.3.1/lib -L/usr/local/lib -Wl,-R/usr/local/lib -L/usr/local/lib/mysql -Wl,-R/usr/local/lib/mysql -L. -L/usr/local/opt/rbenv/versions/2.3.1/lib  -fstack-protector -rdynamic -Wl,-export-dynamic    -lm  -Wl,-R/usr/local/opt/rbenv/versions/2.3.1/lib -L/usr/local/opt/rbenv/versions/2.3.1/lib -lruby-static -lmysqlclient -lm  -lpthread -ldl -lcrypt -lm   -lc"
conftest.c: In function ‘t’:
conftest.c:13:57: error: ‘mysql_query’ undeclared (first use in this function)
 int t(void) { void ((*volatile p)()); p = (void ((*)()))mysql_query; return !p; }
                                                         ^
conftest.c:13:57: note: each undeclared identifier is reported only once for each function it appears in
checked program was:
/* begin */
 1: #include "ruby.h"
 2: 
 3: /*top*/
 4: extern int t(void);
 5: int main(int argc, char **argv)
 6: {
 7:   if (argc > 1000000) {
 8:     printf("%p", &t);
 9:   }
10: 
11:   return 0;
12: }
13: int t(void) { void ((*volatile p)()); p = (void ((*)()))mysql_query; return !p; }
/* end */

"gcc -o conftest -I/usr/local/opt/rbenv/versions/2.3.1/include/ruby-2.3.0/x86_64-linux -I/usr/local/opt/rbenv/versions/2.3.1/include/ruby-2.3.0/ruby/backward -I/usr/local/opt/rbenv/versions/2.3.1/include/ruby-2.3.0 -I. -I/usr/local/include -I/usr/local/opt/rbenv/versions/2.3.1/include     -O3 -fno-fast-math -ggdb3 -Wall -Wextra -Wno-unused-parameter -Wno-parentheses -Wno-long-long -Wno-missing-field-initializers -Wunused-variable -Wpointer-arith -Wwrite-strings -Wdeclaration-after-statement -Wimplicit-function-declaration -Wdeprecated-declarations -Wno-packed-bitfield-compat conftest.c  -L. -L/usr/local/opt/rbenv/versions/2.3.1/lib -Wl,-R/usr/local/opt/rbenv/versions/2.3.1/lib -L/usr/local/lib -Wl,-R/usr/local/lib -L/usr/local/lib/mysql -Wl,-R/usr/local/lib/mysql -L. -L/usr/local/opt/rbenv/versions/2.3.1/lib  -fstack-protector -rdynamic -Wl,-export-dynamic    -lm  -Wl,-R/usr/local/opt/rbenv/versions/2.3.1/lib -L/usr/local/opt/rbenv/versions/2.3.1/lib -lruby-static -lmysqlclient -lm  -lpthread -ldl -lcrypt -lm   -lc"
/usr/bin/ld: cannot find -lmysqlclient
collect2: error: ld returned 1 exit status
checked program was:
/* begin */
 1: #include "ruby.h"
 2: 
 3: /*top*/
 4: extern int t(void);
 5: int main(int argc, char **argv)
 6: {
 7:   if (argc > 1000000) {
 8:     printf("%p", &t);
 9:   }
10: 
11:   return 0;
12: }
13: extern void mysql_query();
14: int t(void) { mysql_query(); return 0; }
/* end */

--------------------

have_library: checking for main() in -lz... -------------------- yes

"gcc -o conftest -I/usr/local/opt/rbenv/versions/2.3.1/include/ruby-2.3.0/x86_64-linux -I/usr/local/opt/rbenv/versions/2.3.1/include/ruby-2.3.0/ruby/backward -I/usr/local/opt/rbenv/versions/2.3.1/include/ruby-2.3.0 -I. -I/usr/local/include -I/usr/local/opt/rbenv/versions/2.3.1/include     -O3 -fno-fast-math -ggdb3 -Wall -Wextra -Wno-unused-parameter -Wno-parentheses -Wno-long-long -Wno-missing-field-initializers -Wunused-variable -Wpointer-arith -Wwrite-strings -Wdeclaration-after-statement -Wimplicit-function-declaration -Wdeprecated-declarations -Wno-packed-bitfield-compat conftest.c  -L. -L/usr/local/opt/rbenv/versions/2.3.1/lib -Wl,-R/usr/local/opt/rbenv/versions/2.3.1/lib -L/usr/local/lib -Wl,-R/usr/local/lib -L. -L/usr/local/opt/rbenv/versions/2.3.1/lib  -fstack-protector -rdynamic -Wl,-export-dynamic    -lm  -Wl,-R/usr/local/opt/rbenv/versions/2.3.1/lib -L/usr/local/opt/rbenv/versions/2.3.1/lib -lruby-static -lz -lm  -lpthread -ldl -lcrypt -lm   -lc"
checked program was:
/* begin */
 1: #include "ruby.h"
 2: 
 3: /*top*/
 4: extern int t(void);
 5: int main(int argc, char **argv)
 6: {
 7:   if (argc > 1000000) {
 8:     printf("%p", &t);
 9:   }
10: 
11:   return 0;
12: }
13: int t(void) { void ((*volatile p)()); p = (void ((*)()))main; return !p; }
/* end */

--------------------

find_library: checking for mysql_query() in -lmysqlclient... -------------------- no

"gcc -o conftest -I/usr/local/opt/rbenv/versions/2.3.1/include/ruby-2.3.0/x86_64-linux -I/usr/local/opt/rbenv/versions/2.3.1/include/ruby-2.3.0/ruby/backward -I/usr/local/opt/rbenv/versions/2.3.1/include/ruby-2.3.0 -I. -I/usr/local/include -I/usr/local/opt/rbenv/versions/2.3.1/include     -O3 -fno-fast-math -ggdb3 -Wall -Wextra -Wno-unused-parameter -Wno-parentheses -Wno-long-long -Wno-missing-field-initializers -Wunused-variable -Wpointer-arith -Wwrite-strings -Wdeclaration-after-statement -Wimplicit-function-declaration -Wdeprecated-declarations -Wno-packed-bitfield-compat conftest.c  -L. -L/usr/local/opt/rbenv/versions/2.3.1/lib -Wl,-R/usr/local/opt/rbenv/versions/2.3.1/lib -L/usr/local/lib -Wl,-R/usr/local/lib -L. -L/usr/local/opt/rbenv/versions/2.3.1/lib  -fstack-protector -rdynamic -Wl,-export-dynamic    -lz -lm  -Wl,-R/usr/local/opt/rbenv/versions/2.3.1/lib -L/usr/local/opt/rbenv/versions/2.3.1/lib -lruby-static -lmysqlclient -lz -lm  -lpthread -ldl -lcrypt -lm   -lc"
conftest.c: In function ‘t’:
conftest.c:13:57: error: ‘mysql_query’ undeclared (first use in this function)
 int t(void) { void ((*volatile p)()); p = (void ((*)()))mysql_query; return !p; }
                                                         ^
conftest.c:13:57: note: each undeclared identifier is reported only once for each function it appears in
checked program was:
/* begin */
 1: #include "ruby.h"
 2: 
 3: /*top*/
 4: extern int t(void);
 5: int main(int argc, char **argv)
 6: {
 7:   if (argc > 1000000) {
 8:     printf("%p", &t);
 9:   }
10: 
11:   return 0;
12: }
13: int t(void) { void ((*volatile p)()); p = (void ((*)()))mysql_query; return !p; }
/* end */

"gcc -o conftest -I/usr/local/opt/rbenv/versions/2.3.1/include/ruby-2.3.0/x86_64-linux -I/usr/local/opt/rbenv/versions/2.3.1/include/ruby-2.3.0/ruby/backward -I/usr/local/opt/rbenv/versions/2.3.1/include/ruby-2.3.0 -I. -I/usr/local/include -I/usr/local/opt/rbenv/versions/2.3.1/include     -O3 -fno-fast-math -ggdb3 -Wall -Wextra -Wno-unused-parameter -Wno-parentheses -Wno-long-long -Wno-missing-field-initializers -Wunused-variable -Wpointer-arith -Wwrite-strings -Wdeclaration-after-statement -Wimplicit-function-declaration -Wdeprecated-declarations -Wno-packed-bitfield-compat conftest.c  -L. -L/usr/local/opt/rbenv/versions/2.3.1/lib -Wl,-R/usr/local/opt/rbenv/versions/2.3.1/lib -L/usr/local/lib -Wl,-R/usr/local/lib -L. -L/usr/local/opt/rbenv/versions/2.3.1/lib  -fstack-protector -rdynamic -Wl,-export-dynamic    -lz -lm  -Wl,-R/usr/local/opt/rbenv/versions/2.3.1/lib -L/usr/local/opt/rbenv/versions/2.3.1/lib -lruby-static -lmysqlclient -lz -lm  -lpthread -ldl -lcrypt -lm   -lc"
/usr/bin/ld: cannot find -lmysqlclient
collect2: error: ld returned 1 exit status
checked program was:
/* begin */
 1: #include "ruby.h"
 2: 
 3: /*top*/
 4: extern int t(void);
 5: int main(int argc, char **argv)
 6: {
 7:   if (argc > 1000000) {
 8:     printf("%p", &t);
 9:   }
10: 
11:   return 0;
12: }
13: extern void mysql_query();
14: int t(void) { mysql_query(); return 0; }
/* end */

"gcc -o conftest -I/usr/local/opt/rbenv/versions/2.3.1/include/ruby-2.3.0/x86_64-linux -I/usr/local/opt/rbenv/versions/2.3.1/include/ruby-2.3.0/ruby/backward -I/usr/local/opt/rbenv/versions/2.3.1/include/ruby-2.3.0 -I. -I/usr/local/include -I/usr/local/opt/rbenv/versions/2.3.1/include     -O3 -fno-fast-math -ggdb3 -Wall -Wextra -Wno-unused-parameter -Wno-parentheses -Wno-long-long -Wno-missing-field-initializers -Wunused-variable -Wpointer-arith -Wwrite-strings -Wdeclaration-after-statement -Wimplicit-function-declaration -Wdeprecated-declarations -Wno-packed-bitfield-compat conftest.c  -L. -L/usr/local/opt/rbenv/versions/2.3.1/lib -Wl,-R/usr/local/opt/rbenv/versions/2.3.1/lib -L/usr/local/lib -Wl,-R/usr/local/lib -L. -L/usr/local/opt/rbenv/versions/2.3.1/lib  -fstack-protector -rdynamic -Wl,-export-dynamic    -lz -lm  -Wl,-R/usr/local/opt/rbenv/versions/2.3.1/lib -L/usr/local/opt/rbenv/versions/2.3.1/lib -lruby-static -lmysqlclient -lz -lm  -lpthread -ldl -lcrypt -lm   -lc"
conftest.c: In function ‘t’:
conftest.c:13:57: error: ‘mysql_query’ undeclared (first use in this function)
 int t(void) { void ((*volatile p)()); p = (void ((*)()))mysql_query; return !p; }
                                                         ^
conftest.c:13:57: note: each undeclared identifier is reported only once for each function it appears in
checked program was:
/* begin */
 1: #include "ruby.h"
 2: 
 3: /*top*/
 4: extern int t(void);
 5: int main(int argc, char **argv)
 6: {
 7:   if (argc > 1000000) {
 8:     printf("%p", &t);
 9:   }
10: 
11:   return 0;
12: }
13: int t(void) { void ((*volatile p)()); p = (void ((*)()))mysql_query; return !p; }
/* end */

"gcc -o conftest -I/usr/local/opt/rbenv/versions/2.3.1/include/ruby-2.3.0/x86_64-linux -I/usr/local/opt/rbenv/versions/2.3.1/include/ruby-2.3.0/ruby/backward -I/usr/local/opt/rbenv/versions/2.3.1/include/ruby-2.3.0 -I. -I/usr/local/include -I/usr/local/opt/rbenv/versions/2.3.1/include     -O3 -fno-fast-math -ggdb3 -Wall -Wextra -Wno-unused-parameter -Wno-parentheses -Wno-long-long -Wno-missing-field-initializers -Wunused-variable -Wpointer-arith -Wwrite-strings -Wdeclaration-after-statement -Wimplicit-function-declaration -Wdeprecated-declarations -Wno-packed-bitfield-compat conftest.c  -L. -L/usr/local/opt/rbenv/versions/2.3.1/lib -Wl,-R/usr/local/opt/rbenv/versions/2.3.1/lib -L/usr/local/lib -Wl,-R/usr/local/lib -L. -L/usr/local/opt/rbenv/versions/2.3.1/lib  -fstack-protector -rdynamic -Wl,-export-dynamic    -lz -lm  -Wl,-R/usr/local/opt/rbenv/versions/2.3.1/lib -L/usr/local/opt/rbenv/versions/2.3.1/lib -lruby-static -lmysqlclient -lz -lm  -lpthread -ldl -lcrypt -lm   -lc"
/usr/bin/ld: cannot find -lmysqlclient
collect2: error: ld returned 1 exit status
checked program was:
/* begin */
 1: #include "ruby.h"
 2: 
 3: /*top*/
 4: extern int t(void);
 5: int main(int argc, char **argv)
 6: {
 7:   if (argc > 1000000) {
 8:     printf("%p", &t);
 9:   }
10: 
11:   return 0;
12: }
13: extern void mysql_query();
14: int t(void) { mysql_query(); return 0; }
/* end */

"gcc -o conftest -I/usr/local/opt/rbenv/versions/2.3.1/include/ruby-2.3.0/x86_64-linux -I/usr/local/opt/rbenv/versions/2.3.1/include/ruby-2.3.0/ruby/backward -I/usr/local/opt/rbenv/versions/2.3.1/include/ruby-2.3.0 -I. -I/usr/local/include -I/usr/local/opt/rbenv/versions/2.3.1/include     -O3 -fno-fast-math -ggdb3 -Wall -Wextra -Wno-unused-parameter -Wno-parentheses -Wno-long-long -Wno-missing-field-initializers -Wunused-variable -Wpointer-arith -Wwrite-strings -Wdeclaration-after-statement -Wimplicit-function-declaration -Wdeprecated-declarations -Wno-packed-bitfield-compat conftest.c  -L. -L/usr/local/opt/rbenv/versions/2.3.1/lib -Wl,-R/usr/local/opt/rbenv/versions/2.3.1/lib -L/usr/local/lib -Wl,-R/usr/local/lib -L/usr/local/lib/mysql -Wl,-R/usr/local/lib/mysql -L. -L/usr/local/opt/rbenv/versions/2.3.1/lib  -fstack-protector -rdynamic -Wl,-export-dynamic    -lz -lm  -Wl,-R/usr/local/opt/rbenv/versions/2.3.1/lib -L/usr/local/opt/rbenv/versions/2.3.1/lib -lruby-static -lmysqlclient -lz -lm  -lpthread -ldl -lcrypt -lm   -lc"
conftest.c: In function ‘t’:
conftest.c:13:57: error: ‘mysql_query’ undeclared (first use in this function)
 int t(void) { void ((*volatile p)()); p = (void ((*)()))mysql_query; return !p; }
                                                         ^
conftest.c:13:57: note: each undeclared identifier is reported only once for each function it appears in
checked program was:
/* begin */
 1: #include "ruby.h"
 2: 
 3: /*top*/
 4: extern int t(void);
 5: int main(int argc, char **argv)
 6: {
 7:   if (argc > 1000000) {
 8:     printf("%p", &t);
 9:   }
10: 
11:   return 0;
12: }
13: int t(void) { void ((*volatile p)()); p = (void ((*)()))mysql_query; return !p; }
/* end */

"gcc -o conftest -I/usr/local/opt/rbenv/versions/2.3.1/include/ruby-2.3.0/x86_64-linux -I/usr/local/opt/rbenv/versions/2.3.1/include/ruby-2.3.0/ruby/backward -I/usr/local/opt/rbenv/versions/2.3.1/include/ruby-2.3.0 -I. -I/usr/local/include -I/usr/local/opt/rbenv/versions/2.3.1/include     -O3 -fno-fast-math -ggdb3 -Wall -Wextra -Wno-unused-parameter -Wno-parentheses -Wno-long-long -Wno-missing-field-initializers -Wunused-variable -Wpointer-arith -Wwrite-strings -Wdeclaration-after-statement -Wimplicit-function-declaration -Wdeprecated-declarations -Wno-packed-bitfield-compat conftest.c  -L. -L/usr/local/opt/rbenv/versions/2.3.1/lib -Wl,-R/usr/local/opt/rbenv/versions/2.3.1/lib -L/usr/local/lib -Wl,-R/usr/local/lib -L/usr/local/lib/mysql -Wl,-R/usr/local/lib/mysql -L. -L/usr/local/opt/rbenv/versions/2.3.1/lib  -fstack-protector -rdynamic -Wl,-export-dynamic    -lz -lm  -Wl,-R/usr/local/opt/rbenv/versions/2.3.1/lib -L/usr/local/opt/rbenv/versions/2.3.1/lib -lruby-static -lmysqlclient -lz -lm  -lpthread -ldl -lcrypt -lm   -lc"
/usr/bin/ld: cannot find -lmysqlclient
collect2: error: ld returned 1 exit status
checked program was:
/* begin */
 1: #include "ruby.h"
 2: 
 3: /*top*/
 4: extern int t(void);
 5: int main(int argc, char **argv)
 6: {
 7:   if (argc > 1000000) {
 8:     printf("%p", &t);
 9:   }
10: 
11:   return 0;
12: }
13: extern void mysql_query();
14: int t(void) { mysql_query(); return 0; }
/* end */

--------------------

have_library: checking for main() in -lsocket... -------------------- no

"gcc -o conftest -I/usr/local/opt/rbenv/versions/2.3.1/include/ruby-2.3.0/x86_64-linux -I/usr/local/opt/rbenv/versions/2.3.1/include/ruby-2.3.0/ruby/backward -I/usr/local/opt/rbenv/versions/2.3.1/include/ruby-2.3.0 -I. -I/usr/local/include -I/usr/local/opt/rbenv/versions/2.3.1/include     -O3 -fno-fast-math -ggdb3 -Wall -Wextra -Wno-unused-parameter -Wno-parentheses -Wno-long-long -Wno-missing-field-initializers -Wunused-variable -Wpointer-arith -Wwrite-strings -Wdeclaration-after-statement -Wimplicit-function-declaration -Wdeprecated-declarations -Wno-packed-bitfield-compat conftest.c  -L. -L/usr/local/opt/rbenv/versions/2.3.1/lib -Wl,-R/usr/local/opt/rbenv/versions/2.3.1/lib -L/usr/local/lib -Wl,-R/usr/local/lib -L. -L/usr/local/opt/rbenv/versions/2.3.1/lib  -fstack-protector -rdynamic -Wl,-export-dynamic    -lz -lm  -Wl,-R/usr/local/opt/rbenv/versions/2.3.1/lib -L/usr/local/opt/rbenv/versions/2.3.1/lib -lruby-static -lsocket -lz -lm  -lpthread -ldl -lcrypt -lm   -lc"
/usr/bin/ld: cannot find -lsocket
collect2: error: ld returned 1 exit status
checked program was:
/* begin */
 1: #include "ruby.h"
 2: 
 3: /*top*/
 4: extern int t(void);
 5: int main(int argc, char **argv)
 6: {
 7:   if (argc > 1000000) {
 8:     printf("%p", &t);
 9:   }
10: 
11:   return 0;
12: }
13: int t(void) { void ((*volatile p)()); p = (void ((*)()))main; return !p; }
/* end */

"gcc -o conftest -I/usr/local/opt/rbenv/versions/2.3.1/include/ruby-2.3.0/x86_64-linux -I/usr/local/opt/rbenv/versions/2.3.1/include/ruby-2.3.0/ruby/backward -I/usr/local/opt/rbenv/versions/2.3.1/include/ruby-2.3.0 -I. -I/usr/local/include -I/usr/local/opt/rbenv/versions/2.3.1/include     -O3 -fno-fast-math -ggdb3 -Wall -Wextra -Wno-unused-parameter -Wno-parentheses -Wno-long-long -Wno-missing-field-initializers -Wunused-variable -Wpointer-arith -Wwrite-strings -Wdeclaration-after-statement -Wimplicit-function-declaration -Wdeprecated-declarations -Wno-packed-bitfield-compat conftest.c  -L. -L/usr/local/opt/rbenv/versions/2.3.1/lib -Wl,-R/usr/local/opt/rbenv/versions/2.3.1/lib -L/usr/local/lib -Wl,-R/usr/local/lib -L. -L/usr/local/opt/rbenv/versions/2.3.1/lib  -fstack-protector -rdynamic -Wl,-export-dynamic    -lz -lm  -Wl,-R/usr/local/opt/rbenv/versions/2.3.1/lib -L/usr/local/opt/rbenv/versions/2.3.1/lib -lruby-static -lsocket -lz -lm  -lpthread -ldl -lcrypt -lm   -lc"
conftest.c:13:13: error: conflicting types for ‘main’
 extern void main();
             ^
conftest.c:5:5: note: previous definition of ‘main’ was here
 int main(int argc, char **argv)
     ^
checked program was:
/* begin */
 1: #include "ruby.h"
 2: 
 3: /*top*/
 4: extern int t(void);
 5: int main(int argc, char **argv)
 6: {
 7:   if (argc > 1000000) {
 8:     printf("%p", &t);
 9:   }
10: 
11:   return 0;
12: }
13: extern void main();
14: int t(void) { main(); return 0; }
/* end */

--------------------

find_library: checking for mysql_query() in -lmysqlclient... -------------------- no

"gcc -o conftest -I/usr/local/opt/rbenv/versions/2.3.1/include/ruby-2.3.0/x86_64-linux -I/usr/local/opt/rbenv/versions/2.3.1/include/ruby-2.3.0/ruby/backward -I/usr/local/opt/rbenv/versions/2.3.1/include/ruby-2.3.0 -I. -I/usr/local/include -I/usr/local/opt/rbenv/versions/2.3.1/include     -O3 -fno-fast-math -ggdb3 -Wall -Wextra -Wno-unused-parameter -Wno-parentheses -Wno-long-long -Wno-missing-field-initializers -Wunused-variable -Wpointer-arith -Wwrite-strings -Wdeclaration-after-statement -Wimplicit-function-declaration -Wdeprecated-declarations -Wno-packed-bitfield-compat conftest.c  -L. -L/usr/local/opt/rbenv/versions/2.3.1/lib -Wl,-R/usr/local/opt/rbenv/versions/2.3.1/lib -L/usr/local/lib -Wl,-R/usr/local/lib -L. -L/usr/local/opt/rbenv/versions/2.3.1/lib  -fstack-protector -rdynamic -Wl,-export-dynamic    -lz -lm  -Wl,-R/usr/local/opt/rbenv/versions/2.3.1/lib -L/usr/local/opt/rbenv/versions/2.3.1/lib -lruby-static -lmysqlclient -lz -lm  -lpthread -ldl -lcrypt -lm   -lc"
conftest.c: In function ‘t’:
conftest.c:13:57: error: ‘mysql_query’ undeclared (first use in this function)
 int t(void) { void ((*volatile p)()); p = (void ((*)()))mysql_query; return !p; }
                                                         ^
conftest.c:13:57: note: each undeclared identifier is reported only once for each function it appears in
checked program was:
/* begin */
 1: #include "ruby.h"
 2: 
 3: /*top*/
 4: extern int t(void);
 5: int main(int argc, char **argv)
 6: {
 7:   if (argc > 1000000) {
 8:     printf("%p", &t);
 9:   }
10: 
11:   return 0;
12: }
13: int t(void) { void ((*volatile p)()); p = (void ((*)()))mysql_query; return !p; }
/* end */

"gcc -o conftest -I/usr/local/opt/rbenv/versions/2.3.1/include/ruby-2.3.0/x86_64-linux -I/usr/local/opt/rbenv/versions/2.3.1/include/ruby-2.3.0/ruby/backward -I/usr/local/opt/rbenv/versions/2.3.1/include/ruby-2.3.0 -I. -I/usr/local/include -I/usr/local/opt/rbenv/versions/2.3.1/include     -O3 -fno-fast-math -ggdb3 -Wall -Wextra -Wno-unused-parameter -Wno-parentheses -Wno-long-long -Wno-missing-field-initializers -Wunused-variable -Wpointer-arith -Wwrite-strings -Wdeclaration-after-statement -Wimplicit-function-declaration -Wdeprecated-declarations -Wno-packed-bitfield-compat conftest.c  -L. -L/usr/local/opt/rbenv/versions/2.3.1/lib -Wl,-R/usr/local/opt/rbenv/versions/2.3.1/lib -L/usr/local/lib -Wl,-R/usr/local/lib -L. -L/usr/local/opt/rbenv/versions/2.3.1/lib  -fstack-protector -rdynamic -Wl,-export-dynamic    -lz -lm  -Wl,-R/usr/local/opt/rbenv/versions/2.3.1/lib -L/usr/local/opt/rbenv/versions/2.3.1/lib -lruby-static -lmysqlclient -lz -lm  -lpthread -ldl -lcrypt -lm   -lc"
/usr/bin/ld: cannot find -lmysqlclient
collect2: error: ld returned 1 exit status
checked program was:
/* begin */
 1: #include "ruby.h"
 2: 
 3: /*top*/
 4: extern int t(void);
 5: int main(int argc, char **argv)
 6: {
 7:   if (argc > 1000000) {
 8:     printf("%p", &t);
 9:   }
10: 
11:   return 0;
12: }
13: extern void mysql_query();
14: int t(void) { mysql_query(); return 0; }
/* end */

"gcc -o conftest -I/usr/local/opt/rbenv/versions/2.3.1/include/ruby-2.3.0/x86_64-linux -I/usr/local/opt/rbenv/versions/2.3.1/include/ruby-2.3.0/ruby/backward -I/usr/local/opt/rbenv/versions/2.3.1/include/ruby-2.3.0 -I. -I/usr/local/include -I/usr/local/opt/rbenv/versions/2.3.1/include     -O3 -fno-fast-math -ggdb3 -Wall -Wextra -Wno-unused-parameter -Wno-parentheses -Wno-long-long -Wno-missing-field-initializers -Wunused-variable -Wpointer-arith -Wwrite-strings -Wdeclaration-after-statement -Wimplicit-function-declaration -Wdeprecated-declarations -Wno-packed-bitfield-compat conftest.c  -L. -L/usr/local/opt/rbenv/versions/2.3.1/lib -Wl,-R/usr/local/opt/rbenv/versions/2.3.1/lib -L/usr/local/lib -Wl,-R/usr/local/lib -L. -L/usr/local/opt/rbenv/versions/2.3.1/lib  -fstack-protector -rdynamic -Wl,-export-dynamic    -lz -lm  -Wl,-R/usr/local/opt/rbenv/versions/2.3.1/lib -L/usr/local/opt/rbenv/versions/2.3.1/lib -lruby-static -lmysqlclient -lz -lm  -lpthread -ldl -lcrypt -lm   -lc"
conftest.c: In function ‘t’:
conftest.c:13:57: error: ‘mysql_query’ undeclared (first use in this function)
 int t(void) { void ((*volatile p)()); p = (void ((*)()))mysql_query; return !p; }
                                                         ^
conftest.c:13:57: note: each undeclared identifier is reported only once for each function it appears in
checked program was:
/* begin */
 1: #include "ruby.h"
 2: 
 3: /*top*/
 4: extern int t(void);
 5: int main(int argc, char **argv)
 6: {
 7:   if (argc > 1000000) {
 8:     printf("%p", &t);
 9:   }
10: 
11:   return 0;
12: }
13: int t(void) { void ((*volatile p)()); p = (void ((*)()))mysql_query; return !p; }
/* end */

"gcc -o conftest -I/usr/local/opt/rbenv/versions/2.3.1/include/ruby-2.3.0/x86_64-linux -I/usr/local/opt/rbenv/versions/2.3.1/include/ruby-2.3.0/ruby/backward -I/usr/local/opt/rbenv/versions/2.3.1/include/ruby-2.3.0 -I. -I/usr/local/include -I/usr/local/opt/rbenv/versions/2.3.1/include     -O3 -fno-fast-math -ggdb3 -Wall -Wextra -Wno-unused-parameter -Wno-parentheses -Wno-long-long -Wno-missing-field-initializers -Wunused-variable -Wpointer-arith -Wwrite-strings -Wdeclaration-after-statement -Wimplicit-function-declaration -Wdeprecated-declarations -Wno-packed-bitfield-compat conftest.c  -L. -L/usr/local/opt/rbenv/versions/2.3.1/lib -Wl,-R/usr/local/opt/rbenv/versions/2.3.1/lib -L/usr/local/lib -Wl,-R/usr/local/lib -L. -L/usr/local/opt/rbenv/versions/2.3.1/lib  -fstack-protector -rdynamic -Wl,-export-dynamic    -lz -lm  -Wl,-R/usr/local/opt/rbenv/versions/2.3.1/lib -L/usr/local/opt/rbenv/versions/2.3.1/lib -lruby-static -lmysqlclient -lz -lm  -lpthread -ldl -lcrypt -lm   -lc"
/usr/bin/ld: cannot find -lmysqlclient
collect2: error: ld returned 1 exit status
checked program was:
/* begin */
 1: #include "ruby.h"
 2: 
 3: /*top*/
 4: extern int t(void);
 5: int main(int argc, char **argv)
 6: {
 7:   if (argc > 1000000) {
 8:     printf("%p", &t);
 9:   }
10: 
11:   return 0;
12: }
13: extern void mysql_query();
14: int t(void) { mysql_query(); return 0; }
/* end */

"gcc -o conftest -I/usr/local/opt/rbenv/versions/2.3.1/include/ruby-2.3.0/x86_64-linux -I/usr/local/opt/rbenv/versions/2.3.1/include/ruby-2.3.0/ruby/backward -I/usr/local/opt/rbenv/versions/2.3.1/include/ruby-2.3.0 -I. -I/usr/local/include -I/usr/local/opt/rbenv/versions/2.3.1/include     -O3 -fno-fast-math -ggdb3 -Wall -Wextra -Wno-unused-parameter -Wno-parentheses -Wno-long-long -Wno-missing-field-initializers -Wunused-variable -Wpointer-arith -Wwrite-strings -Wdeclaration-after-statement -Wimplicit-function-declaration -Wdeprecated-declarations -Wno-packed-bitfield-compat conftest.c  -L. -L/usr/local/opt/rbenv/versions/2.3.1/lib -Wl,-R/usr/local/opt/rbenv/versions/2.3.1/lib -L/usr/local/lib -Wl,-R/usr/local/lib -L/usr/local/lib/mysql -Wl,-R/usr/local/lib/mysql -L. -L/usr/local/opt/rbenv/versions/2.3.1/lib  -fstack-protector -rdynamic -Wl,-export-dynamic    -lz -lm  -Wl,-R/usr/local/opt/rbenv/versions/2.3.1/lib -L/usr/local/opt/rbenv/versions/2.3.1/lib -lruby-static -lmysqlclient -lz -lm  -lpthread -ldl -lcrypt -lm   -lc"
conftest.c: In function ‘t’:
conftest.c:13:57: error: ‘mysql_query’ undeclared (first use in this function)
 int t(void) { void ((*volatile p)()); p = (void ((*)()))mysql_query; return !p; }
                                                         ^
conftest.c:13:57: note: each undeclared identifier is reported only once for each function it appears in
checked program was:
/* begin */
 1: #include "ruby.h"
 2: 
 3: /*top*/
 4: extern int t(void);
 5: int main(int argc, char **argv)
 6: {
 7:   if (argc > 1000000) {
 8:     printf("%p", &t);
 9:   }
10: 
11:   return 0;
12: }
13: int t(void) { void ((*volatile p)()); p = (void ((*)()))mysql_query; return !p; }
/* end */

"gcc -o conftest -I/usr/local/opt/rbenv/versions/2.3.1/include/ruby-2.3.0/x86_64-linux -I/usr/local/opt/rbenv/versions/2.3.1/include/ruby-2.3.0/ruby/backward -I/usr/local/opt/rbenv/versions/2.3.1/include/ruby-2.3.0 -I. -I/usr/local/include -I/usr/local/opt/rbenv/versions/2.3.1/include     -O3 -fno-fast-math -ggdb3 -Wall -Wextra -Wno-unused-parameter -Wno-parentheses -Wno-long-long -Wno-missing-field-initializers -Wunused-variable -Wpointer-arith -Wwrite-strings -Wdeclaration-after-statement -Wimplicit-function-declaration -Wdeprecated-declarations -Wno-packed-bitfield-compat conftest.c  -L. -L/usr/local/opt/rbenv/versions/2.3.1/lib -Wl,-R/usr/local/opt/rbenv/versions/2.3.1/lib -L/usr/local/lib -Wl,-R/usr/local/lib -L/usr/local/lib/mysql -Wl,-R/usr/local/lib/mysql -L. -L/usr/local/opt/rbenv/versions/2.3.1/lib  -fstack-protector -rdynamic -Wl,-export-dynamic    -lz -lm  -Wl,-R/usr/local/opt/rbenv/versions/2.3.1/lib -L/usr/local/opt/rbenv/versions/2.3.1/lib -lruby-static -lmysqlclient -lz -lm  -lpthread -ldl -lcrypt -lm   -lc"
/usr/bin/ld: cannot find -lmysqlclient
collect2: error: ld returned 1 exit status
checked program was:
/* begin */
 1: #include "ruby.h"
 2: 
 3: /*top*/
 4: extern int t(void);
 5: int main(int argc, char **argv)
 6: {
 7:   if (argc > 1000000) {
 8:     printf("%p", &t);
 9:   }
10: 
11:   return 0;
12: }
13: extern void mysql_query();
14: int t(void) { mysql_query(); return 0; }
/* end */

--------------------

have_library: checking for main() in -lnsl... -------------------- yes

"gcc -o conftest -I/usr/local/opt/rbenv/versions/2.3.1/include/ruby-2.3.0/x86_64-linux -I/usr/local/opt/rbenv/versions/2.3.1/include/ruby-2.3.0/ruby/backward -I/usr/local/opt/rbenv/versions/2.3.1/include/ruby-2.3.0 -I. -I/usr/local/include -I/usr/local/opt/rbenv/versions/2.3.1/include     -O3 -fno-fast-math -ggdb3 -Wall -Wextra -Wno-unused-parameter -Wno-parentheses -Wno-long-long -Wno-missing-field-initializers -Wunused-variable -Wpointer-arith -Wwrite-strings -Wdeclaration-after-statement -Wimplicit-function-declaration -Wdeprecated-declarations -Wno-packed-bitfield-compat conftest.c  -L. -L/usr/local/opt/rbenv/versions/2.3.1/lib -Wl,-R/usr/local/opt/rbenv/versions/2.3.1/lib -L/usr/local/lib -Wl,-R/usr/local/lib -L. -L/usr/local/opt/rbenv/versions/2.3.1/lib  -fstack-protector -rdynamic -Wl,-export-dynamic    -lz -lm  -Wl,-R/usr/local/opt/rbenv/versions/2.3.1/lib -L/usr/local/opt/rbenv/versions/2.3.1/lib -lruby-static -lnsl -lz -lm  -lpthread -ldl -lcrypt -lm   -lc"
checked program was:
/* begin */
 1: #include "ruby.h"
 2: 
 3: /*top*/
 4: extern int t(void);
 5: int main(int argc, char **argv)
 6: {
 7:   if (argc > 1000000) {
 8:     printf("%p", &t);
 9:   }
10: 
11:   return 0;
12: }
13: int t(void) { void ((*volatile p)()); p = (void ((*)()))main; return !p; }
/* end */

--------------------

find_library: checking for mysql_query() in -lmysqlclient... -------------------- no

"gcc -o conftest -I/usr/local/opt/rbenv/versions/2.3.1/include/ruby-2.3.0/x86_64-linux -I/usr/local/opt/rbenv/versions/2.3.1/include/ruby-2.3.0/ruby/backward -I/usr/local/opt/rbenv/versions/2.3.1/include/ruby-2.3.0 -I. -I/usr/local/include -I/usr/local/opt/rbenv/versions/2.3.1/include     -O3 -fno-fast-math -ggdb3 -Wall -Wextra -Wno-unused-parameter -Wno-parentheses -Wno-long-long -Wno-missing-field-initializers -Wunused-variable -Wpointer-arith -Wwrite-strings -Wdeclaration-after-statement -Wimplicit-function-declaration -Wdeprecated-declarations -Wno-packed-bitfield-compat conftest.c  -L. -L/usr/local/opt/rbenv/versions/2.3.1/lib -Wl,-R/usr/local/opt/rbenv/versions/2.3.1/lib -L/usr/local/lib -Wl,-R/usr/local/lib -L. -L/usr/local/opt/rbenv/versions/2.3.1/lib  -fstack-protector -rdynamic -Wl,-export-dynamic    -lnsl -lz -lm  -Wl,-R/usr/local/opt/rbenv/versions/2.3.1/lib -L/usr/local/opt/rbenv/versions/2.3.1/lib -lruby-static -lmysqlclient -lnsl -lz -lm  -lpthread -ldl -lcrypt -lm   -lc"
conftest.c: In function ‘t’:
conftest.c:13:57: error: ‘mysql_query’ undeclared (first use in this function)
 int t(void) { void ((*volatile p)()); p = (void ((*)()))mysql_query; return !p; }
                                                         ^
conftest.c:13:57: note: each undeclared identifier is reported only once for each function it appears in
checked program was:
/* begin */
 1: #include "ruby.h"
 2: 
 3: /*top*/
 4: extern int t(void);
 5: int main(int argc, char **argv)
 6: {
 7:   if (argc > 1000000) {
 8:     printf("%p", &t);
 9:   }
10: 
11:   return 0;
12: }
13: int t(void) { void ((*volatile p)()); p = (void ((*)()))mysql_query; return !p; }
/* end */

"gcc -o conftest -I/usr/local/opt/rbenv/versions/2.3.1/include/ruby-2.3.0/x86_64-linux -I/usr/local/opt/rbenv/versions/2.3.1/include/ruby-2.3.0/ruby/backward -I/usr/local/opt/rbenv/versions/2.3.1/include/ruby-2.3.0 -I. -I/usr/local/include -I/usr/local/opt/rbenv/versions/2.3.1/include     -O3 -fno-fast-math -ggdb3 -Wall -Wextra -Wno-unused-parameter -Wno-parentheses -Wno-long-long -Wno-missing-field-initializers -Wunused-variable -Wpointer-arith -Wwrite-strings -Wdeclaration-after-statement -Wimplicit-function-declaration -Wdeprecated-declarations -Wno-packed-bitfield-compat conftest.c  -L. -L/usr/local/opt/rbenv/versions/2.3.1/lib -Wl,-R/usr/local/opt/rbenv/versions/2.3.1/lib -L/usr/local/lib -Wl,-R/usr/local/lib -L. -L/usr/local/opt/rbenv/versions/2.3.1/lib  -fstack-protector -rdynamic -Wl,-export-dynamic    -lnsl -lz -lm  -Wl,-R/usr/local/opt/rbenv/versions/2.3.1/lib -L/usr/local/opt/rbenv/versions/2.3.1/lib -lruby-static -lmysqlclient -lnsl -lz -lm  -lpthread -ldl -lcrypt -lm   -lc"
/usr/bin/ld: cannot find -lmysqlclient
collect2: error: ld returned 1 exit status
checked program was:
/* begin */
 1: #include "ruby.h"
 2: 
 3: /*top*/
 4: extern int t(void);
 5: int main(int argc, char **argv)
 6: {
 7:   if (argc > 1000000) {
 8:     printf("%p", &t);
 9:   }
10: 
11:   return 0;
12: }
13: extern void mysql_query();
14: int t(void) { mysql_query(); return 0; }
/* end */

"gcc -o conftest -I/usr/local/opt/rbenv/versions/2.3.1/include/ruby-2.3.0/x86_64-linux -I/usr/local/opt/rbenv/versions/2.3.1/include/ruby-2.3.0/ruby/backward -I/usr/local/opt/rbenv/versions/2.3.1/include/ruby-2.3.0 -I. -I/usr/local/include -I/usr/local/opt/rbenv/versions/2.3.1/include     -O3 -fno-fast-math -ggdb3 -Wall -Wextra -Wno-unused-parameter -Wno-parentheses -Wno-long-long -Wno-missing-field-initializers -Wunused-variable -Wpointer-arith -Wwrite-strings -Wdeclaration-after-statement -Wimplicit-function-declaration -Wdeprecated-declarations -Wno-packed-bitfield-compat conftest.c  -L. -L/usr/local/opt/rbenv/versions/2.3.1/lib -Wl,-R/usr/local/opt/rbenv/versions/2.3.1/lib -L/usr/local/lib -Wl,-R/usr/local/lib -L. -L/usr/local/opt/rbenv/versions/2.3.1/lib  -fstack-protector -rdynamic -Wl,-export-dynamic    -lnsl -lz -lm  -Wl,-R/usr/local/opt/rbenv/versions/2.3.1/lib -L/usr/local/opt/rbenv/versions/2.3.1/lib -lruby-static -lmysqlclient -lnsl -lz -lm  -lpthread -ldl -lcrypt -lm   -lc"
conftest.c: In function ‘t’:
conftest.c:13:57: error: ‘mysql_query’ undeclared (first use in this function)
 int t(void) { void ((*volatile p)()); p = (void ((*)()))mysql_query; return !p; }
                                                         ^
conftest.c:13:57: note: each undeclared identifier is reported only once for each function it appears in
checked program was:
/* begin */
 1: #include "ruby.h"
 2: 
 3: /*top*/
 4: extern int t(void);
 5: int main(int argc, char **argv)
 6: {
 7:   if (argc > 1000000) {
 8:     printf("%p", &t);
 9:   }
10: 
11:   return 0;
12: }
13: int t(void) { void ((*volatile p)()); p = (void ((*)()))mysql_query; return !p; }
/* end */

"gcc -o conftest -I/usr/local/opt/rbenv/versions/2.3.1/include/ruby-2.3.0/x86_64-linux -I/usr/local/opt/rbenv/versions/2.3.1/include/ruby-2.3.0/ruby/backward -I/usr/local/opt/rbenv/versions/2.3.1/include/ruby-2.3.0 -I. -I/usr/local/include -I/usr/local/opt/rbenv/versions/2.3.1/include     -O3 -fno-fast-math -ggdb3 -Wall -Wextra -Wno-unused-parameter -Wno-parentheses -Wno-long-long -Wno-missing-field-initializers -Wunused-variable -Wpointer-arith -Wwrite-strings -Wdeclaration-after-statement -Wimplicit-function-declaration -Wdeprecated-declarations -Wno-packed-bitfield-compat conftest.c  -L. -L/usr/local/opt/rbenv/versions/2.3.1/lib -Wl,-R/usr/local/opt/rbenv/versions/2.3.1/lib -L/usr/local/lib -Wl,-R/usr/local/lib -L. -L/usr/local/opt/rbenv/versions/2.3.1/lib  -fstack-protector -rdynamic -Wl,-export-dynamic    -lnsl -lz -lm  -Wl,-R/usr/local/opt/rbenv/versions/2.3.1/lib -L/usr/local/opt/rbenv/versions/2.3.1/lib -lruby-static -lmysqlclient -lnsl -lz -lm  -lpthread -ldl -lcrypt -lm   -lc"
/usr/bin/ld: cannot find -lmysqlclient
collect2: error: ld returned 1 exit status
checked program was:
/* begin */
 1: #include "ruby.h"
 2: 
 3: /*top*/
 4: extern int t(void);
 5: int main(int argc, char **argv)
 6: {
 7:   if (argc > 1000000) {
 8:     printf("%p", &t);
 9:   }
10: 
11:   return 0;
12: }
13: extern void mysql_query();
14: int t(void) { mysql_query(); return 0; }
/* end */

"gcc -o conftest -I/usr/local/opt/rbenv/versions/2.3.1/include/ruby-2.3.0/x86_64-linux -I/usr/local/opt/rbenv/versions/2.3.1/include/ruby-2.3.0/ruby/backward -I/usr/local/opt/rbenv/versions/2.3.1/include/ruby-2.3.0 -I. -I/usr/local/include -I/usr/local/opt/rbenv/versions/2.3.1/include     -O3 -fno-fast-math -ggdb3 -Wall -Wextra -Wno-unused-parameter -Wno-parentheses -Wno-long-long -Wno-missing-field-initializers -Wunused-variable -Wpointer-arith -Wwrite-strings -Wdeclaration-after-statement -Wimplicit-function-declaration -Wdeprecated-declarations -Wno-packed-bitfield-compat conftest.c  -L. -L/usr/local/opt/rbenv/versions/2.3.1/lib -Wl,-R/usr/local/opt/rbenv/versions/2.3.1/lib -L/usr/local/lib -Wl,-R/usr/local/lib -L/usr/local/lib/mysql -Wl,-R/usr/local/lib/mysql -L. -L/usr/local/opt/rbenv/versions/2.3.1/lib  -fstack-protector -rdynamic -Wl,-export-dynamic    -lnsl -lz -lm  -Wl,-R/usr/local/opt/rbenv/versions/2.3.1/lib -L/usr/local/opt/rbenv/versions/2.3.1/lib -lruby-static -lmysqlclient -lnsl -lz -lm  -lpthread -ldl -lcrypt -lm   -lc"
conftest.c: In function ‘t’:
conftest.c:13:57: error: ‘mysql_query’ undeclared (first use in this function)
 int t(void) { void ((*volatile p)()); p = (void ((*)()))mysql_query; return !p; }
                                                         ^
conftest.c:13:57: note: each undeclared identifier is reported only once for each function it appears in
checked program was:
/* begin */
 1: #include "ruby.h"
 2: 
 3: /*top*/
 4: extern int t(void);
 5: int main(int argc, char **argv)
 6: {
 7:   if (argc > 1000000) {
 8:     printf("%p", &t);
 9:   }
10: 
11:   return 0;
12: }
13: int t(void) { void ((*volatile p)()); p = (void ((*)()))mysql_query; return !p; }
/* end */

"gcc -o conftest -I/usr/local/opt/rbenv/versions/2.3.1/include/ruby-2.3.0/x86_64-linux -I/usr/local/opt/rbenv/versions/2.3.1/include/ruby-2.3.0/ruby/backward -I/usr/local/opt/rbenv/versions/2.3.1/include/ruby-2.3.0 -I. -I/usr/local/include -I/usr/local/opt/rbenv/versions/2.3.1/include     -O3 -fno-fast-math -ggdb3 -Wall -Wextra -Wno-unused-parameter -Wno-parentheses -Wno-long-long -Wno-missing-field-initializers -Wunused-variable -Wpointer-arith -Wwrite-strings -Wdeclaration-after-statement -Wimplicit-function-declaration -Wdeprecated-declarations -Wno-packed-bitfield-compat conftest.c  -L. -L/usr/local/opt/rbenv/versions/2.3.1/lib -Wl,-R/usr/local/opt/rbenv/versions/2.3.1/lib -L/usr/local/lib -Wl,-R/usr/local/lib -L/usr/local/lib/mysql -Wl,-R/usr/local/lib/mysql -L. -L/usr/local/opt/rbenv/versions/2.3.1/lib  -fstack-protector -rdynamic -Wl,-export-dynamic    -lnsl -lz -lm  -Wl,-R/usr/local/opt/rbenv/versions/2.3.1/lib -L/usr/local/opt/rbenv/versions/2.3.1/lib -lruby-static -lmysqlclient -lnsl -lz -lm  -lpthread -ldl -lcrypt -lm   -lc"
/usr/bin/ld: cannot find -lmysqlclient
collect2: error: ld returned 1 exit status
checked program was:
/* begin */
 1: #include "ruby.h"
 2: 
 3: /*top*/
 4: extern int t(void);
 5: int main(int argc, char **argv)
 6: {
 7:   if (argc > 1000000) {
 8:     printf("%p", &t);
 9:   }
10: 
11:   return 0;
12: }
13: extern void mysql_query();
14: int t(void) { mysql_query(); return 0; }
/* end */

--------------------

have_library: checking for main() in -lmygcc... -------------------- no

"gcc -o conftest -I/usr/local/opt/rbenv/versions/2.3.1/include/ruby-2.3.0/x86_64-linux -I/usr/local/opt/rbenv/versions/2.3.1/include/ruby-2.3.0/ruby/backward -I/usr/local/opt/rbenv/versions/2.3.1/include/ruby-2.3.0 -I. -I/usr/local/include -I/usr/local/opt/rbenv/versions/2.3.1/include     -O3 -fno-fast-math -ggdb3 -Wall -Wextra -Wno-unused-parameter -Wno-parentheses -Wno-long-long -Wno-missing-field-initializers -Wunused-variable -Wpointer-arith -Wwrite-strings -Wdeclaration-after-statement -Wimplicit-function-declaration -Wdeprecated-declarations -Wno-packed-bitfield-compat conftest.c  -L. -L/usr/local/opt/rbenv/versions/2.3.1/lib -Wl,-R/usr/local/opt/rbenv/versions/2.3.1/lib -L/usr/local/lib -Wl,-R/usr/local/lib -L. -L/usr/local/opt/rbenv/versions/2.3.1/lib  -fstack-protector -rdynamic -Wl,-export-dynamic    -lnsl -lz -lm  -Wl,-R/usr/local/opt/rbenv/versions/2.3.1/lib -L/usr/local/opt/rbenv/versions/2.3.1/lib -lruby-static -lmygcc -lnsl -lz -lm  -lpthread -ldl -lcrypt -lm   -lc"
/usr/bin/ld: cannot find -lmygcc
collect2: error: ld returned 1 exit status
checked program was:
/* begin */
 1: #include "ruby.h"
 2: 
 3: /*top*/
 4: extern int t(void);
 5: int main(int argc, char **argv)
 6: {
 7:   if (argc > 1000000) {
 8:     printf("%p", &t);
 9:   }
10: 
11:   return 0;
12: }
13: int t(void) { void ((*volatile p)()); p = (void ((*)()))main; return !p; }
/* end */

"gcc -o conftest -I/usr/local/opt/rbenv/versions/2.3.1/include/ruby-2.3.0/x86_64-linux -I/usr/local/opt/rbenv/versions/2.3.1/include/ruby-2.3.0/ruby/backward -I/usr/local/opt/rbenv/versions/2.3.1/include/ruby-2.3.0 -I. -I/usr/local/include -I/usr/local/opt/rbenv/versions/2.3.1/include     -O3 -fno-fast-math -ggdb3 -Wall -Wextra -Wno-unused-parameter -Wno-parentheses -Wno-long-long -Wno-missing-field-initializers -Wunused-variable -Wpointer-arith -Wwrite-strings -Wdeclaration-after-statement -Wimplicit-function-declaration -Wdeprecated-declarations -Wno-packed-bitfield-compat conftest.c  -L. -L/usr/local/opt/rbenv/versions/2.3.1/lib -Wl,-R/usr/local/opt/rbenv/versions/2.3.1/lib -L/usr/local/lib -Wl,-R/usr/local/lib -L. -L/usr/local/opt/rbenv/versions/2.3.1/lib  -fstack-protector -rdynamic -Wl,-export-dynamic    -lnsl -lz -lm  -Wl,-R/usr/local/opt/rbenv/versions/2.3.1/lib -L/usr/local/opt/rbenv/versions/2.3.1/lib -lruby-static -lmygcc -lnsl -lz -lm  -lpthread -ldl -lcrypt -lm   -lc"
conftest.c:13:13: error: conflicting types for ‘main’
 extern void main();
             ^
conftest.c:5:5: note: previous definition of ‘main’ was here
 int main(int argc, char **argv)
     ^
checked program was:
/* begin */
 1: #include "ruby.h"
 2: 
 3: /*top*/
 4: extern int t(void);
 5: int main(int argc, char **argv)
 6: {
 7:   if (argc > 1000000) {
 8:     printf("%p", &t);
 9:   }
10: 
11:   return 0;
12: }
13: extern void main();
14: int t(void) { main(); return 0; }
/* end */

--------------------

find_library: checking for mysql_query() in -lmysqlclient... -------------------- no

"gcc -o conftest -I/usr/local/opt/rbenv/versions/2.3.1/include/ruby-2.3.0/x86_64-linux -I/usr/local/opt/rbenv/versions/2.3.1/include/ruby-2.3.0/ruby/backward -I/usr/local/opt/rbenv/versions/2.3.1/include/ruby-2.3.0 -I. -I/usr/local/include -I/usr/local/opt/rbenv/versions/2.3.1/include     -O3 -fno-fast-math -ggdb3 -Wall -Wextra -Wno-unused-parameter -Wno-parentheses -Wno-long-long -Wno-missing-field-initializers -Wunused-variable -Wpointer-arith -Wwrite-strings -Wdeclaration-after-statement -Wimplicit-function-declaration -Wdeprecated-declarations -Wno-packed-bitfield-compat conftest.c  -L. -L/usr/local/opt/rbenv/versions/2.3.1/lib -Wl,-R/usr/local/opt/rbenv/versions/2.3.1/lib -L/usr/local/lib -Wl,-R/usr/local/lib -L. -L/usr/local/opt/rbenv/versions/2.3.1/lib  -fstack-protector -rdynamic -Wl,-export-dynamic    -lnsl -lz -lm  -Wl,-R/usr/local/opt/rbenv/versions/2.3.1/lib -L/usr/local/opt/rbenv/versions/2.3.1/lib -lruby-static -lmysqlclient -lnsl -lz -lm  -lpthread -ldl -lcrypt -lm   -lc"
conftest.c: In function ‘t’:
conftest.c:13:57: error: ‘mysql_query’ undeclared (first use in this function)
 int t(void) { void ((*volatile p)()); p = (void ((*)()))mysql_query; return !p; }
                                                         ^
conftest.c:13:57: note: each undeclared identifier is reported only once for each function it appears in
checked program was:
/* begin */
 1: #include "ruby.h"
 2: 
 3: /*top*/
 4: extern int t(void);
 5: int main(int argc, char **argv)
 6: {
 7:   if (argc > 1000000) {
 8:     printf("%p", &t);
 9:   }
10: 
11:   return 0;
12: }
13: int t(void) { void ((*volatile p)()); p = (void ((*)()))mysql_query; return !p; }
/* end */

"gcc -o conftest -I/usr/local/opt/rbenv/versions/2.3.1/include/ruby-2.3.0/x86_64-linux -I/usr/local/opt/rbenv/versions/2.3.1/include/ruby-2.3.0/ruby/backward -I/usr/local/opt/rbenv/versions/2.3.1/include/ruby-2.3.0 -I. -I/usr/local/include -I/usr/local/opt/rbenv/versions/2.3.1/include     -O3 -fno-fast-math -ggdb3 -Wall -Wextra -Wno-unused-parameter -Wno-parentheses -Wno-long-long -Wno-missing-field-initializers -Wunused-variable -Wpointer-arith -Wwrite-strings -Wdeclaration-after-statement -Wimplicit-function-declaration -Wdeprecated-declarations -Wno-packed-bitfield-compat conftest.c  -L. -L/usr/local/opt/rbenv/versions/2.3.1/lib -Wl,-R/usr/local/opt/rbenv/versions/2.3.1/lib -L/usr/local/lib -Wl,-R/usr/local/lib -L. -L/usr/local/opt/rbenv/versions/2.3.1/lib  -fstack-protector -rdynamic -Wl,-export-dynamic    -lnsl -lz -lm  -Wl,-R/usr/local/opt/rbenv/versions/2.3.1/lib -L/usr/local/opt/rbenv/versions/2.3.1/lib -lruby-static -lmysqlclient -lnsl -lz -lm  -lpthread -ldl -lcrypt -lm   -lc"
/usr/bin/ld: cannot find -lmysqlclient
collect2: error: ld returned 1 exit status
checked program was:
/* begin */
 1: #include "ruby.h"
 2: 
 3: /*top*/
 4: extern int t(void);
 5: int main(int argc, char **argv)
 6: {
 7:   if (argc > 1000000) {
 8:     printf("%p", &t);
 9:   }
10: 
11:   return 0;
12: }
13: extern void mysql_query();
14: int t(void) { mysql_query(); return 0; }
/* end */

"gcc -o conftest -I/usr/local/opt/rbenv/versions/2.3.1/include/ruby-2.3.0/x86_64-linux -I/usr/local/opt/rbenv/versions/2.3.1/include/ruby-2.3.0/ruby/backward -I/usr/local/opt/rbenv/versions/2.3.1/include/ruby-2.3.0 -I. -I/usr/local/include -I/usr/local/opt/rbenv/versions/2.3.1/include     -O3 -fno-fast-math -ggdb3 -Wall -Wextra -Wno-unused-parameter -Wno-parentheses -Wno-long-long -Wno-missing-field-initializers -Wunused-variable -Wpointer-arith -Wwrite-strings -Wdeclaration-after-statement -Wimplicit-function-declaration -Wdeprecated-declarations -Wno-packed-bitfield-compat conftest.c  -L. -L/usr/local/opt/rbenv/versions/2.3.1/lib -Wl,-R/usr/local/opt/rbenv/versions/2.3.1/lib -L/usr/local/lib -Wl,-R/usr/local/lib -L. -L/usr/local/opt/rbenv/versions/2.3.1/lib  -fstack-protector -rdynamic -Wl,-export-dynamic    -lnsl -lz -lm  -Wl,-R/usr/local/opt/rbenv/versions/2.3.1/lib -L/usr/local/opt/rbenv/versions/2.3.1/lib -lruby-static -lmysqlclient -lnsl -lz -lm  -lpthread -ldl -lcrypt -lm   -lc"
conftest.c: In function ‘t’:
conftest.c:13:57: error: ‘mysql_query’ undeclared (first use in this function)
 int t(void) { void ((*volatile p)()); p = (void ((*)()))mysql_query; return !p; }
                                                         ^
conftest.c:13:57: note: each undeclared identifier is reported only once for each function it appears in
checked program was:
/* begin */
 1: #include "ruby.h"
 2: 
 3: /*top*/
 4: extern int t(void);
 5: int main(int argc, char **argv)
 6: {
 7:   if (argc > 1000000) {
 8:     printf("%p", &t);
 9:   }
10: 
11:   return 0;
12: }
13: int t(void) { void ((*volatile p)()); p = (void ((*)()))mysql_query; return !p; }
/* end */

"gcc -o conftest -I/usr/local/opt/rbenv/versions/2.3.1/include/ruby-2.3.0/x86_64-linux -I/usr/local/opt/rbenv/versions/2.3.1/include/ruby-2.3.0/ruby/backward -I/usr/local/opt/rbenv/versions/2.3.1/include/ruby-2.3.0 -I. -I/usr/local/include -I/usr/local/opt/rbenv/versions/2.3.1/include     -O3 -fno-fast-math -ggdb3 -Wall -Wextra -Wno-unused-parameter -Wno-parentheses -Wno-long-long -Wno-missing-field-initializers -Wunused-variable -Wpointer-arith -Wwrite-strings -Wdeclaration-after-statement -Wimplicit-function-declaration -Wdeprecated-declarations -Wno-packed-bitfield-compat conftest.c  -L. -L/usr/local/opt/rbenv/versions/2.3.1/lib -Wl,-R/usr/local/opt/rbenv/versions/2.3.1/lib -L/usr/local/lib -Wl,-R/usr/local/lib -L. -L/usr/local/opt/rbenv/versions/2.3.1/lib  -fstack-protector -rdynamic -Wl,-export-dynamic    -lnsl -lz -lm  -Wl,-R/usr/local/opt/rbenv/versions/2.3.1/lib -L/usr/local/opt/rbenv/versions/2.3.1/lib -lruby-static -lmysqlclient -lnsl -lz -lm  -lpthread -ldl -lcrypt -lm   -lc"
/usr/bin/ld: cannot find -lmysqlclient
collect2: error: ld returned 1 exit status
checked program was:
/* begin */
 1: #include "ruby.h"
 2: 
 3: /*top*/
 4: extern int t(void);
 5: int main(int argc, char **argv)
 6: {
 7:   if (argc > 1000000) {
 8:     printf("%p", &t);
 9:   }
10: 
11:   return 0;
12: }
13: extern void mysql_query();
14: int t(void) { mysql_query(); return 0; }
/* end */

"gcc -o conftest -I/usr/local/opt/rbenv/versions/2.3.1/include/ruby-2.3.0/x86_64-linux -I/usr/local/opt/rbenv/versions/2.3.1/include/ruby-2.3.0/ruby/backward -I/usr/local/opt/rbenv/versions/2.3.1/include/ruby-2.3.0 -I. -I/usr/local/include -I/usr/local/opt/rbenv/versions/2.3.1/include     -O3 -fno-fast-math -ggdb3 -Wall -Wextra -Wno-unused-parameter -Wno-parentheses -Wno-long-long -Wno-missing-field-initializers -Wunused-variable -Wpointer-arith -Wwrite-strings -Wdeclaration-after-statement -Wimplicit-function-declaration -Wdeprecated-declarations -Wno-packed-bitfield-compat conftest.c  -L. -L/usr/local/opt/rbenv/versions/2.3.1/lib -Wl,-R/usr/local/opt/rbenv/versions/2.3.1/lib -L/usr/local/lib -Wl,-R/usr/local/lib -L/usr/local/lib/mysql -Wl,-R/usr/local/lib/mysql -L. -L/usr/local/opt/rbenv/versions/2.3.1/lib  -fstack-protector -rdynamic -Wl,-export-dynamic    -lnsl -lz -lm  -Wl,-R/usr/local/opt/rbenv/versions/2.3.1/lib -L/usr/local/opt/rbenv/versions/2.3.1/lib -lruby-static -lmysqlclient -lnsl -lz -lm  -lpthread -ldl -lcrypt -lm   -lc"
conftest.c: In function ‘t’:
conftest.c:13:57: error: ‘mysql_query’ undeclared (first use in this function)
 int t(void) { void ((*volatile p)()); p = (void ((*)()))mysql_query; return !p; }
                                                         ^
conftest.c:13:57: note: each undeclared identifier is reported only once for each function it appears in
checked program was:
/* begin */
 1: #include "ruby.h"
 2: 
 3: /*top*/
 4: extern int t(void);
 5: int main(int argc, char **argv)
 6: {
 7:   if (argc > 1000000) {
 8:     printf("%p", &t);
 9:   }
10: 
11:   return 0;
12: }
13: int t(void) { void ((*volatile p)()); p = (void ((*)()))mysql_query; return !p; }
/* end */

"gcc -o conftest -I/usr/local/opt/rbenv/versions/2.3.1/include/ruby-2.3.0/x86_64-linux -I/usr/local/opt/rbenv/versions/2.3.1/include/ruby-2.3.0/ruby/backward -I/usr/local/opt/rbenv/versions/2.3.1/include/ruby-2.3.0 -I. -I/usr/local/include -I/usr/local/opt/rbenv/versions/2.3.1/include     -O3 -fno-fast-math -ggdb3 -Wall -Wextra -Wno-unused-parameter -Wno-parentheses -Wno-long-long -Wno-missing-field-initializers -Wunused-variable -Wpointer-arith -Wwrite-strings -Wdeclaration-after-statement -Wimplicit-function-declaration -Wdeprecated-declarations -Wno-packed-bitfield-compat conftest.c  -L. -L/usr/local/opt/rbenv/versions/2.3.1/lib -Wl,-R/usr/local/opt/rbenv/versions/2.3.1/lib -L/usr/local/lib -Wl,-R/usr/local/lib -L/usr/local/lib/mysql -Wl,-R/usr/local/lib/mysql -L. -L/usr/local/opt/rbenv/versions/2.3.1/lib  -fstack-protector -rdynamic -Wl,-export-dynamic    -lnsl -lz -lm  -Wl,-R/usr/local/opt/rbenv/versions/2.3.1/lib -L/usr/local/opt/rbenv/versions/2.3.1/lib -lruby-static -lmysqlclient -lnsl -lz -lm  -lpthread -ldl -lcrypt -lm   -lc"
/usr/bin/ld: cannot find -lmysqlclient
collect2: error: ld returned 1 exit status
checked program was:
/* begin */
 1: #include "ruby.h"
 2: 
 3: /*top*/
 4: extern int t(void);
 5: int main(int argc, char **argv)
 6: {
 7:   if (argc > 1000000) {
 8:     printf("%p", &t);
 9:   }
10: 
11:   return 0;
12: }
13: extern void mysql_query();
14: int t(void) { mysql_query(); return 0; }
/* end */

--------------------

